INFO 2025-01-20 01:22:19,342 autoreload Watching for file changes with StatReloader
INFO 2025-02-02 17:44:02,427 autoreload Watching for file changes with StatReloader
INFO 2025-02-03 15:55:15,481 autoreload Watching for file changes with StatReloader
INFO 2025-02-03 15:57:20,898 autoreload D:\CRM_Developer\pythonProject\brokers\models.py changed, reloading.
INFO 2025-02-03 15:57:21,626 autoreload Watching for file changes with StatReloader
INFO 2025-02-03 17:45:51,987 autoreload Watching for file changes with StatReloader
INFO 2025-02-03 17:46:42,897 autoreload D:\CRM_Developer\pythonProject\brokers\serializers.py changed, reloading.
INFO 2025-02-03 17:46:43,625 autoreload Watching for file changes with StatReloader
INFO 2025-02-03 17:47:02,552 autoreload D:\CRM_Developer\pythonProject\brokers\views.py changed, reloading.
INFO 2025-02-03 17:47:03,247 autoreload Watching for file changes with StatReloader
INFO 2025-02-03 17:47:59,396 autoreload D:\CRM_Developer\pythonProject\brokers\urls.py changed, reloading.
INFO 2025-02-03 17:48:00,019 autoreload Watching for file changes with StatReloader
INFO 2025-02-03 17:48:33,392 autoreload Watching for file changes with StatReloader
WARNING 2025-02-03 17:49:37,340 log Not Found: /api/brokers/
INFO 2025-02-03 17:54:50,362 autoreload D:\CRM_Developer\pythonProject\real_estate_system\settings.py changed, reloading.
INFO 2025-02-03 17:54:51,112 autoreload Watching for file changes with StatReloader
INFO 2025-02-03 18:09:16,694 autoreload Watching for file changes with StatReloader
ERROR 2025-02-03 18:09:41,178 log Internal Server Error: /swagger/
Traceback (most recent call last):
  File "D:\CRM_Developer\pythonProject\.venv\Lib\site-packages\django\core\handlers\exception.py", line 55, in inner
    response = get_response(request)
               ^^^^^^^^^^^^^^^^^^^^^
  File "D:\CRM_Developer\pythonProject\.venv\Lib\site-packages\django\core\handlers\base.py", line 220, in _get_response
    response = response.render()
               ^^^^^^^^^^^^^^^^^
  File "D:\CRM_Developer\pythonProject\.venv\Lib\site-packages\django\template\response.py", line 114, in render
    self.content = self.rendered_content
                   ^^^^^^^^^^^^^^^^^^^^^
  File "D:\CRM_Developer\pythonProject\.venv\Lib\site-packages\rest_framework\response.py", line 74, in rendered_content
    ret = renderer.render(self.data, accepted_media_type, context)
          ^^^^^^^^^^^^^^^^^^^^^^^^^^^^^^^^^^^^^^^^^^^^^^^^^^^^^^^^
  File "D:\CRM_Developer\pythonProject\.venv\Lib\site-packages\drf_yasg\renderers.py", line 79, in render
    return render_to_string(self.template, renderer_context, renderer_context['request'])
           ^^^^^^^^^^^^^^^^^^^^^^^^^^^^^^^^^^^^^^^^^^^^^^^^^^^^^^^^^^^^^^^^^^^^^^^^^^^^^^
  File "D:\CRM_Developer\pythonProject\.venv\Lib\site-packages\django\template\loader.py", line 61, in render_to_string
    template = get_template(template_name, using=using)
               ^^^^^^^^^^^^^^^^^^^^^^^^^^^^^^^^^^^^^^^^
  File "D:\CRM_Developer\pythonProject\.venv\Lib\site-packages\django\template\loader.py", line 19, in get_template
    raise TemplateDoesNotExist(template_name, chain=chain)
django.template.exceptions.TemplateDoesNotExist: drf-yasg/swagger-ui.html
INFO 2025-02-03 18:14:03,036 autoreload Watching for file changes with StatReloader
INFO 2025-02-03 18:14:56,364 autoreload D:\CRM_Developer\pythonProject\real_estate_system\settings.py changed, reloading.
INFO 2025-02-05 15:32:25,775 autoreload Watching for file changes with StatReloader
INFO 2025-02-06 20:39:14,986 autoreload D:\CRM_Developer\pythonProject\offer\models.py changed, reloading.
INFO 2025-02-06 20:39:15,819 autoreload Watching for file changes with StatReloader
INFO 2025-02-06 20:40:46,531 autoreload D:\CRM_Developer\pythonProject\offer\models.py changed, reloading.
INFO 2025-02-06 20:40:47,222 autoreload Watching for file changes with StatReloader
INFO 2025-02-09 11:12:14,783 autoreload Watching for file changes with StatReloader
WARNING 2025-02-09 11:12:21,507 log Not Found: /favicon.ico
WARNING 2025-02-09 11:13:10,718 log Not Found: /api/payments/
INFO 2025-02-09 11:20:49,630 autoreload D:\CRM_Developer\pythonProject\real_estate_system\urls.py changed, reloading.
INFO 2025-02-09 11:20:50,339 autoreload Watching for file changes with StatReloader
INFO 2025-02-09 11:26:05,630 autoreload D:\CRM_Developer\pythonProject\payments\urls.py changed, reloading.
INFO 2025-02-09 11:26:06,378 autoreload Watching for file changes with StatReloader
INFO 2025-02-09 11:29:16,810 autoreload D:\CRM_Developer\pythonProject\payments\views.py changed, reloading.
INFO 2025-02-09 11:29:17,484 autoreload Watching for file changes with StatReloader
INFO 2025-02-09 11:30:50,142 autoreload D:\CRM_Developer\pythonProject\payments\serializers.py changed, reloading.
INFO 2025-02-09 11:30:50,856 autoreload Watching for file changes with StatReloader
INFO 2025-02-09 11:34:47,911 autoreload D:\CRM_Developer\pythonProject\payments\models.py changed, reloading.
INFO 2025-02-09 11:34:48,584 autoreload Watching for file changes with StatReloader
INFO 2025-02-09 11:35:43,735 autoreload D:\CRM_Developer\pythonProject\payments\urls.py changed, reloading.
INFO 2025-02-09 11:35:44,475 autoreload Watching for file changes with StatReloader
INFO 2025-02-09 11:36:39,273 autoreload D:\CRM_Developer\pythonProject\payments\admin.py changed, reloading.
INFO 2025-02-09 11:36:40,023 autoreload Watching for file changes with StatReloader
INFO 2025-02-09 11:50:38,704 autoreload D:\CRM_Developer\pythonProject\brokers\models.py changed, reloading.
INFO 2025-02-09 11:50:39,428 autoreload Watching for file changes with StatReloader
INFO 2025-02-09 11:51:45,406 autoreload D:\CRM_Developer\pythonProject\brokers\serializers.py changed, reloading.
INFO 2025-02-09 11:51:46,112 autoreload Watching for file changes with StatReloader
INFO 2025-02-09 11:52:40,878 autoreload D:\CRM_Developer\pythonProject\brokers\urls.py changed, reloading.
INFO 2025-02-09 11:52:41,707 autoreload Watching for file changes with StatReloader
INFO 2025-02-09 11:53:42,415 autoreload D:\CRM_Developer\pythonProject\brokers\views.py changed, reloading.
INFO 2025-02-09 11:53:43,139 autoreload Watching for file changes with StatReloader
INFO 2025-02-09 11:54:46,775 autoreload D:\CRM_Developer\pythonProject\brokers\models.py changed, reloading.
INFO 2025-02-09 11:54:47,588 autoreload Watching for file changes with StatReloader
INFO 2025-02-09 11:56:16,650 autoreload D:\CRM_Developer\pythonProject\brokers\admin.py changed, reloading.
INFO 2025-02-09 11:56:17,397 autoreload Watching for file changes with StatReloader
INFO 2025-02-09 12:50:34,954 autoreload D:\CRM_Developer\pythonProject\campaigns\models.py changed, reloading.
INFO 2025-02-09 12:50:35,632 autoreload Watching for file changes with StatReloader
INFO 2025-02-09 12:51:50,162 autoreload D:\CRM_Developer\pythonProject\campaigns\serializers.py changed, reloading.
INFO 2025-02-09 12:51:50,954 autoreload Watching for file changes with StatReloader
INFO 2025-02-09 12:53:18,442 autoreload D:\CRM_Developer\pythonProject\campaigns\urls.py changed, reloading.
INFO 2025-02-09 12:53:19,129 autoreload Watching for file changes with StatReloader
INFO 2025-02-09 13:08:12,480 autoreload D:\CRM_Developer\pythonProject\campaigns\admin.py changed, reloading.
INFO 2025-02-09 13:08:13,292 autoreload Watching for file changes with StatReloader
INFO 2025-02-09 13:10:36,419 autoreload D:\CRM_Developer\pythonProject\campaigns\models.py changed, reloading.
INFO 2025-02-09 13:10:37,104 autoreload Watching for file changes with StatReloader
INFO 2025-02-09 13:13:58,877 autoreload D:\CRM_Developer\pythonProject\clients\models.py changed, reloading.
INFO 2025-02-09 13:13:59,630 autoreload Watching for file changes with StatReloader
INFO 2025-02-09 13:15:05,101 autoreload D:\CRM_Developer\pythonProject\clients\serializers.py changed, reloading.
INFO 2025-02-09 13:15:05,854 autoreload Watching for file changes with StatReloader
INFO 2025-02-09 13:16:11,457 autoreload D:\CRM_Developer\pythonProject\clients\views.py changed, reloading.
INFO 2025-02-09 13:16:12,226 autoreload Watching for file changes with StatReloader
INFO 2025-02-09 13:18:44,871 autoreload D:\CRM_Developer\pythonProject\clients\admin.py changed, reloading.
INFO 2025-02-09 13:18:45,590 autoreload Watching for file changes with StatReloader
INFO 2025-02-09 13:19:49,406 autoreload D:\CRM_Developer\pythonProject\clients\urls.py changed, reloading.
INFO 2025-02-09 13:19:50,147 autoreload Watching for file changes with StatReloader
INFO 2025-02-09 13:23:17,110 autoreload D:\CRM_Developer\pythonProject\employees\models.py changed, reloading.
INFO 2025-02-09 13:23:17,876 autoreload Watching for file changes with StatReloader
INFO 2025-02-09 13:24:23,360 autoreload D:\CRM_Developer\pythonProject\employees\serializers.py changed, reloading.
INFO 2025-02-09 13:24:24,114 autoreload Watching for file changes with StatReloader
INFO 2025-02-09 13:25:50,774 autoreload D:\CRM_Developer\pythonProject\employees\views.py changed, reloading.
INFO 2025-02-09 13:25:51,524 autoreload Watching for file changes with StatReloader
INFO 2025-02-09 13:27:01,700 autoreload D:\CRM_Developer\pythonProject\employees\admin.py changed, reloading.
INFO 2025-02-09 13:27:02,542 autoreload Watching for file changes with StatReloader
INFO 2025-02-09 13:31:56,718 autoreload D:\CRM_Developer\pythonProject\employees\views.py changed, reloading.
INFO 2025-02-09 13:31:57,391 autoreload Watching for file changes with StatReloader
INFO 2025-02-09 13:34:51,203 autoreload D:\CRM_Developer\pythonProject\home\views.py changed, reloading.
INFO 2025-02-09 13:34:51,966 autoreload Watching for file changes with StatReloader
INFO 2025-02-09 13:37:06,345 autoreload D:\CRM_Developer\pythonProject\home\models.py changed, reloading.
INFO 2025-02-09 13:37:07,147 autoreload Watching for file changes with StatReloader
INFO 2025-02-09 13:39:38,603 autoreload D:\CRM_Developer\pythonProject\home\admin.py changed, reloading.
INFO 2025-02-09 13:39:39,307 autoreload Watching for file changes with StatReloader
INFO 2025-02-09 13:41:04,376 autoreload D:\CRM_Developer\pythonProject\home\views.py changed, reloading.
INFO 2025-02-09 13:41:05,114 autoreload Watching for file changes with StatReloader
INFO 2025-02-09 13:43:10,097 autoreload D:\CRM_Developer\pythonProject\leads\models.py changed, reloading.
INFO 2025-02-09 13:43:10,816 autoreload Watching for file changes with StatReloader
INFO 2025-02-09 13:48:56,983 autoreload D:\CRM_Developer\pythonProject\leads\admin.py changed, reloading.
INFO 2025-02-09 13:48:57,760 autoreload Watching for file changes with StatReloader
INFO 2025-02-09 13:54:20,839 autoreload D:\CRM_Developer\pythonProject\offer\models.py changed, reloading.
INFO 2025-02-09 13:54:21,601 autoreload Watching for file changes with StatReloader
INFO 2025-02-09 15:08:21,429 autoreload D:\CRM_Developer\pythonProject\offer\admin.py changed, reloading.
INFO 2025-02-09 15:08:22,184 autoreload Watching for file changes with StatReloader
INFO 2025-02-09 15:11:17,360 autoreload D:\CRM_Developer\pythonProject\properties\models.py changed, reloading.
INFO 2025-02-09 15:11:18,162 autoreload Watching for file changes with StatReloader
INFO 2025-02-09 15:15:14,399 autoreload D:\CRM_Developer\pythonProject\properties\serializers.py changed, reloading.
INFO 2025-02-09 15:15:15,055 autoreload Watching for file changes with StatReloader
INFO 2025-02-09 15:48:22,032 autoreload D:\CRM_Developer\pythonProject\properties\views.py changed, reloading.
INFO 2025-02-09 15:48:22,813 autoreload Watching for file changes with StatReloader
INFO 2025-02-09 15:50:18,877 autoreload D:\CRM_Developer\pythonProject\properties\admin.py changed, reloading.
INFO 2025-02-09 15:50:19,580 autoreload Watching for file changes with StatReloader
INFO 2025-02-09 16:00:07,627 autoreload D:\CRM_Developer\pythonProject\payments\models.py changed, reloading.
INFO 2025-02-09 16:00:08,337 autoreload Watching for file changes with StatReloader
INFO 2025-02-09 16:05:03,463 autoreload D:\CRM_Developer\pythonProject\payments\admin.py changed, reloading.
INFO 2025-02-09 16:05:04,197 autoreload Watching for file changes with StatReloader
INFO 2025-02-09 16:13:37,957 autoreload D:\CRM_Developer\pythonProject\real_estate_system\settings.py changed, reloading.
